#
# There is insufficient memory for the Java Runtime Environment to continue.
# Native memory allocation (malloc) failed to allocate 16777232 bytes for Chunk::new
# Possible reasons:
#   The system is out of physical RAM or swap space
#   In 32 bit mode, the process size limit was hit
# Possible solutions:
#   Reduce memory load on the system
#   Increase physical memory or swap space
#   Check if swap backing store is full
#   Use 64 bit Java on a 64 bit OS
#   Decrease Java heap size (-Xmx/-Xms)
#   Decrease number of Java threads
#   Decrease Java thread stack sizes (-Xss)
#   Set larger code cache with -XX:ReservedCodeCacheSize=
# This output file may be truncated or incomplete.
#
#  Out of Memory Error (allocation.cpp:390), pid=10080, tid=8756
#
# JRE version: Java(TM) SE Runtime Environment (8.0_25-b18) (build 1.8.0_25-b18)
# Java VM: Java HotSpot(TM) 64-Bit Server VM (25.25-b02 mixed mode windows-amd64 compressed oops)
# Failed to write core dump. Minidumps are not enabled by default on client versions of Windows
#

---------------  T H R E A D  ---------------

Current thread (0x0000000014aef800):  JavaThread "C2 CompilerThread1" daemon [_thread_in_native, id=8756, stack(0x0000000016120000,0x0000000016220000)]

Stack: [0x0000000016120000,0x0000000016220000]
Native frames: (J=compiled Java code, j=interpreted, Vv=VM code, C=native code)
V  [jvm.dll+0x31667a]
V  [jvm.dll+0x267073]
V  [jvm.dll+0x267cb3]
V  [jvm.dll+0x25f5b5]
V  [jvm.dll+0xbf165]
V  [jvm.dll+0xbf60c]
V  [jvm.dll+0x40c68]
V  [jvm.dll+0x45f0b0]
V  [jvm.dll+0x45f36a]
V  [jvm.dll+0x46024f]
V  [jvm.dll+0x462311]
V  [jvm.dll+0x464745]
V  [jvm.dll+0x4650cc]
V  [jvm.dll+0x465413]
V  [jvm.dll+0x4522c3]
V  [jvm.dll+0x453864]
V  [jvm.dll+0x437372]
V  [jvm.dll+0x98a02]
V  [jvm.dll+0x991f3]
V  [jvm.dll+0x22bde4]
V  [jvm.dll+0x2852fa]
C  [msvcr100.dll+0x21d9f]
C  [msvcr100.dll+0x21e3b]
C  [KERNEL32.DLL+0x13d2]
C  [ntdll.dll+0x154e4]


Current CompileTask:
C2:  12986 1719   !   4       com.android.dx.cf.code.Ropper::processBlock (1101 bytes)


---------------  P R O C E S S  ---------------

Java Threads: ( => current thread )
  0x0000000014afd000 JavaThread "Service Thread" daemon [_thread_blocked, id=7580, stack(0x0000000016320000,0x0000000016420000)]
  0x0000000014af6000 JavaThread "C1 CompilerThread2" daemon [_thread_blocked, id=4076, stack(0x0000000016220000,0x0000000016320000)]
=>0x0000000014aef800 JavaThread "C2 CompilerThread1" daemon [_thread_in_native, id=8756, stack(0x0000000016120000,0x0000000016220000)]
  0x0000000014a9e800 JavaThread "C2 CompilerThread0" daemon [_thread_blocked, id=9376, stack(0x0000000016020000,0x0000000016120000)]
  0x0000000014a9d000 JavaThread "Attach Listener" daemon [_thread_blocked, id=8708, stack(0x0000000015f20000,0x0000000016020000)]
  0x0000000014a9b800 JavaThread "Signal Dispatcher" daemon [_thread_blocked, id=9708, stack(0x0000000015e20000,0x0000000015f20000)]
  0x0000000002397000 JavaThread "Finalizer" daemon [_thread_blocked, id=5500, stack(0x0000000015d10000,0x0000000015e10000)]
  0x000000000238e000 JavaThread "Reference Handler" daemon [_thread_blocked, id=3984, stack(0x0000000015c10000,0x0000000015d10000)]
  0x000000000217e800 JavaThread "main" [_thread_in_Java, id=3328, stack(0x0000000002180000,0x0000000002280000)]

Other Threads:
  0x0000000014a66000 VMThread [stack: 0x0000000015b10000,0x0000000015c10000] [id=7952]
  0x0000000016421000 WatcherThread [stack: 0x0000000016820000,0x0000000016920000] [id=9180]

VM state:not at safepoint (normal execution)

VM Mutex/Monitor currently owned by a thread: None

Heap:
 PSYoungGen      total 86528K, used 39260K [0x00000000eab00000, 0x00000000f0600000, 0x0000000100000000)
  eden space 79872K, 40% used [0x00000000eab00000,0x00000000ecad8860,0x00000000ef900000)
  from space 6656K, 99% used [0x00000000eff80000,0x00000000f05feaa8,0x00000000f0600000)
  to   space 6656K, 0% used [0x00000000ef900000,0x00000000ef900000,0x00000000eff80000)
 ParOldGen       total 106496K, used 4818K [0x00000000c0000000, 0x00000000c6800000, 0x00000000eab00000)
  object space 106496K, 4% used [0x00000000c0000000,0x00000000c04b4898,0x00000000c6800000)
 Metaspace       used 6412K, capacity 7280K, committed 7552K, reserved 1056768K
  class space    used 606K, capacity 616K, committed 640K, reserved 1048576K

Card table byte_map: [0x0000000011770000,0x0000000011980000] byte_map_base: 0x0000000011170000

Marking Bits: (ParMarkBitMap*) 0x000000005be8d490
 Begin Bits: [0x0000000011ee0000, 0x0000000012ee0000)
 End Bits:   [0x0000000012ee0000, 0x0000000013ee0000)

Polling page: 0x0000000002280000

CodeCache: size=245760Kb used=7584Kb max_used=7601Kb free=238175Kb
 bounds [0x00000000023b0000, 0x0000000002b40000, 0x00000000113b0000]
 total_blobs=1990 nmethods=1725 adapters=177
 compilation: disabled (not enough contiguous free space left)

Compilation events (10 events):
Event: 11.405 Thread 0x0000000014a9e800 nmethod 1731 0x0000000002ac8490 code [0x0000000002ac85e0, 0x0000000002ac87b8]
Event: 11.406 Thread 0x0000000014af6000 nmethod 1729 0x0000000002b21990 code [0x0000000002b21d60, 0x0000000002b23f98]
Event: 11.406 Thread 0x0000000014a9e800 1732       4       com.android.dx.rop.cst.CstLiteral32::equals (35 bytes)
Event: 11.407 Thread 0x0000000014a9e800 nmethod 1732 0x0000000002ae4250 code [0x0000000002ae43a0, 0x0000000002ae4458]
Event: 11.410 Thread 0x0000000014af6000 1733       1       com.android.dx.cf.code.ByteOps::opInfo (6 bytes)
Event: 11.410 Thread 0x0000000014af6000 nmethod 1733 0x0000000002ac6c90 code [0x0000000002ac6de0, 0x0000000002ac6ef0]
Event: 11.410 Thread 0x0000000014af6000 1734   !   3       com.android.dx.cf.code.BytecodeArray::parseInstruction (2764 bytes)
Event: 11.410 Thread 0x0000000014a9e800 1735       4       com.android.dx.cf.code.Ropper::mergeAndWorkAsNecessary (102 bytes)
Event: 11.424 Thread 0x0000000014af6000 

Event: 11.439 Thread 0x0000000014a9e800 


GC Heap History (4 events):
Event: 6.205 GC heap before
{Heap before GC invocations=1 (full 0):
 PSYoungGen      total 46592K, used 39936K [0x00000000eab00000, 0x00000000edf00000, 0x0000000100000000)
  eden space 39936K, 100% used [0x00000000eab00000,0x00000000ed200000,0x00000000ed200000)
  from space 6656K, 0% used [0x00000000ed880000,0x00000000ed880000,0x00000000edf00000)
  to   space 6656K, 0% used [0x00000000ed200000,0x00000000ed200000,0x00000000ed880000)
 ParOldGen       total 106496K, used 0K [0x00000000c0000000, 0x00000000c6800000, 0x00000000eab00000)
  object space 106496K, 0% used [0x00000000c0000000,0x00000000c0000000,0x00000000c6800000)
 Metaspace       used 6102K, capacity 7024K, committed 7296K, reserved 1056768K
  class space    used 588K, capacity 616K, committed 640K, reserved 1048576K
Event: 6.412 GC heap after
Heap after GC invocations=1 (full 0):
 PSYoungGen      total 46592K, used 6640K [0x00000000eab00000, 0x00000000f0600000, 0x0000000100000000)
  eden space 39936K, 0% used [0x00000000eab00000,0x00000000eab00000,0x00000000ed200000)
  from space 6656K, 99% used [0x00000000ed200000,0x00000000ed87c030,0x00000000ed880000)
  to   space 6656K, 0% used [0x00000000eff80000,0x00000000eff80000,0x00000000f0600000)
 ParOldGen       total 106496K, used 390K [0x00000000c0000000, 0x00000000c6800000, 0x00000000eab00000)
  object space 106496K, 0% used [0x00000000c0000000,0x00000000c0061970,0x00000000c6800000)
 Metaspace       used 6102K, capacity 7024K, committed 7296K, reserved 1056768K
  class space    used 588K, capacity 616K, committed 640K, reserved 1048576K
}
Event: 8.820 GC heap before
{Heap before GC invocations=2 (full 0):
 PSYoungGen      total 46592K, used 46576K [0x00000000eab00000, 0x00000000f0600000, 0x0000000100000000)
  eden space 39936K, 100% used [0x00000000eab00000,0x00000000ed200000,0x00000000ed200000)
  from space 6656K, 99% used [0x00000000ed200000,0x00000000ed87c030,0x00000000ed880000)
  to   space 6656K, 0% used [0x00000000eff80000,0x00000000eff80000,0x00000000f0600000)
 ParOldGen       total 106496K, used 390K [0x00000000c0000000, 0x00000000c6800000, 0x00000000eab00000)
  object space 106496K, 0% used [0x00000000c0000000,0x00000000c0061970,0x00000000c6800000)
 Metaspace       used 6194K, capacity 7088K, committed 7296K, reserved 1056768K
  class space    used 589K, capacity 616K, committed 640K, reserved 1048576K
Event: 8.972 GC heap after
Heap after GC invocations=2 (full 0):
 PSYoungGen      total 86528K, used 6650K [0x00000000eab00000, 0x00000000f0600000, 0x0000000100000000)
  eden space 79872K, 0% used [0x00000000eab00000,0x00000000eab00000,0x00000000ef900000)
  from space 6656K, 99% used [0x00000000eff80000,0x00000000f05feaa8,0x00000000f0600000)
  to   space 6656K, 0% used [0x00000000ef900000,0x00000000ef900000,0x00000000eff80000)
 ParOldGen       total 106496K, used 4818K [0x00000000c0000000, 0x00000000c6800000, 0x00000000eab00000)
  object space 106496K, 4% used [0x00000000c0000000,0x00000000c04b4898,0x00000000c6800000)
 Metaspace       used 6194K, capacity 7088K, committed 7296K, reserved 1056768K
  class space    used 589K, capacity 616K, committed 640K, reserved 1048576K
}

Deoptimization events (10 events):
Event: 12.180 Thread 0x000000000217e800 Uncommon trap: reason=bimorphic action=maybe_recompile pc=0x0000000002685814 method=java.util.HashMap.getNode(ILjava/lang/Object;)Ljava/util/HashMap$Node; @ 126
Event: 12.180 Thread 0x000000000217e800 Uncommon trap: reason=bimorphic action=maybe_recompile pc=0x000000000260db8c method=java.util.HashMap.getNode(ILjava/lang/Object;)Ljava/util/HashMap$Node; @ 126
Event: 12.180 Thread 0x000000000217e800 Uncommon trap: reason=class_check action=maybe_recompile pc=0x00000000028e677c method=java.util.HashMap.putVal(ILjava/lang/Object;Ljava/lang/Object;ZZ)Ljava/lang/Object; @ 203
Event: 12.181 Thread 0x000000000217e800 Uncommon trap: reason=class_check action=maybe_recompile pc=0x00000000028e677c method=java.util.HashMap.putVal(ILjava/lang/Object;Ljava/lang/Object;ZZ)Ljava/lang/Object; @ 203
Event: 12.182 Thread 0x000000000217e800 Uncommon trap: reason=class_check action=maybe_recompile pc=0x00000000028e677c method=java.util.HashMap.putVal(ILjava/lang/Object;Ljava/lang/Object;ZZ)Ljava/lang/Object; @ 203
Event: 12.182 Thread 0x000000000217e800 Uncommon trap: reason=class_check action=maybe_recompile pc=0x00000000028e677c method=java.util.HashMap.putVal(ILjava/lang/Object;Ljava/lang/Object;ZZ)Ljava/lang/Object; @ 203
Event: 12.497 Thread 0x000000000217e800 Uncommon trap: reason=speculate_class_check action=maybe_recompile pc=0x000000000274f8a0 method=com.android.dx.util.FixedSizeList.equals(Ljava/lang/Object;)Z @ 25
Event: 12.497 Thread 0x000000000217e800 Uncommon trap: reason=speculate_class_check action=maybe_recompile pc=0x000000000274f8a0 method=com.android.dx.util.FixedSizeList.equals(Ljava/lang/Object;)Z @ 25
Event: 12.497 Thread 0x000000000217e800 Uncommon trap: reason=speculate_class_check action=maybe_recompile pc=0x000000000274f8a0 method=com.android.dx.util.FixedSizeList.equals(Ljava/lang/Object;)Z @ 25
Event: 12.497 Thread 0x000000000217e800 Uncommon trap: reason=speculate_class_check action=maybe_recompile pc=0x000000000274f8a0 method=com.android.dx.util.FixedSizeList.equals(Ljava/lang/Object;)Z @ 25

Internal exceptions (10 events):
Event: 12.493 Thread 0x000000000217e800 Exception <a 'java/security/PrivilegedActionException'> (0x00000000ec9b35e0) thrown at [D:\re\workspace\8-2-build-windows-amd64-cygwin\jdk8u25\1677\hotspot\src\share\vm\prims\jvm.cpp, line 1312]
Event: 12.493 Thread 0x000000000217e800 Exception <a 'java/security/PrivilegedActionException'> (0x00000000ec9b69b8) thrown at [D:\re\workspace\8-2-build-windows-amd64-cygwin\jdk8u25\1677\hotspot\src\share\vm\prims\jvm.cpp, line 1312]
Event: 12.493 Thread 0x000000000217e800 Exception <a 'java/security/PrivilegedActionException'> (0x00000000ec9b91f8) thrown at [D:\re\workspace\8-2-build-windows-amd64-cygwin\jdk8u25\1677\hotspot\src\share\vm\prims\jvm.cpp, line 1312]
Event: 12.494 Thread 0x000000000217e800 Exception <a 'java/security/PrivilegedActionException'> (0x00000000ec9be250) thrown at [D:\re\workspace\8-2-build-windows-amd64-cygwin\jdk8u25\1677\hotspot\src\share\vm\prims\jvm.cpp, line 1312]
Event: 12.495 Thread 0x000000000217e800 Exception <a 'java/security/PrivilegedActionException'> (0x00000000ec9c46a8) thrown at [D:\re\workspace\8-2-build-windows-amd64-cygwin\jdk8u25\1677\hotspot\src\share\vm\prims\jvm.cpp, line 1312]
Event: 12.495 Thread 0x000000000217e800 Exception <a 'java/security/PrivilegedActionException'> (0x00000000ec9c8bd0) thrown at [D:\re\workspace\8-2-build-windows-amd64-cygwin\jdk8u25\1677\hotspot\src\share\vm\prims\jvm.cpp, line 1312]
Event: 12.496 Thread 0x000000000217e800 Exception <a 'java/security/PrivilegedActionException'> (0x00000000ec9ce1d8) thrown at [D:\re\workspace\8-2-build-windows-amd64-cygwin\jdk8u25\1677\hotspot\src\share\vm\prims\jvm.cpp, line 1312]
Event: 12.497 Thread 0x000000000217e800 Exception <a 'java/security/PrivilegedActionException'> (0x00000000ec9d1120) thrown at [D:\re\workspace\8-2-build-windows-amd64-cygwin\jdk8u25\1677\hotspot\src\share\vm\prims\jvm.cpp, line 1312]
Event: 12.497 Thread 0x000000000217e800 Exception <a 'java/security/PrivilegedActionException'> (0x00000000ec9d4128) thrown at [D:\re\workspace\8-2-build-windows-amd64-cygwin\jdk8u25\1677\hotspot\src\share\vm\prims\jvm.cpp, line 1312]
Event: 12.683 Thread 0x000000000217e800 Exception <a 'java/security/PrivilegedActionException'> (0x00000000eca10b78) thrown at [D:\re\workspace\8-2-build-windows-amd64-cygwin\jdk8u25\1677\hotspot\src\share\vm\prims\jvm.cpp, line 1312]

Events (10 events):
Event: 12.497 Thread 0x000000000217e800 DEOPT UNPACKING pc=0x00000000023f556a sp=0x000000000227ee10 mode 2
Event: 12.497 Thread 0x000000000217e800 Uncommon trap: trap_request=0xffffff76 fr.pc=0x000000000274f8a0
Event: 12.497 Thread 0x000000000217e800 DEOPT PACKING pc=0x000000000274f8a0 sp=0x000000000227ee50
Event: 12.497 Thread 0x000000000217e800 DEOPT UNPACKING pc=0x00000000023f556a sp=0x000000000227ee10 mode 2
Event: 12.497 loading class com/android/dx/dex/code/CatchTable$Entry
Event: 12.497 loading class com/android/dx/dex/code/CatchTable$Entry done
Event: 12.497 loading class com/android/dx/util/ByteArrayAnnotatedOutput
Event: 12.497 loading class com/android/dx/util/ByteArrayAnnotatedOutput done
Event: 12.683 loading class com/android/dx/rop/code/RegisterSpecList$Expander
Event: 12.683 loading class com/android/dx/rop/code/RegisterSpecList$Expander done


Dynamic libraries:
0x00007ff673940000 - 0x00007ff673974000 	C:\Program Files\Java\jdk1.8.0_25\bin\java.exe
0x00007ff92ff70000 - 0x00007ff93011d000 	C:\Windows\SYSTEM32\ntdll.dll
0x00007ff92c700000 - 0x00007ff92c83e000 	C:\Windows\system32\KERNEL32.DLL
0x00007ff91c360000 - 0x00007ff91c392000 	C:\Program Files (x86)\AVG\AVG2015\avghooka.dll
0x00007ff92c1e0000 - 0x00007ff92c2f5000 	C:\Windows\system32\KERNELBASE.dll
0x00007ff92a970000 - 0x00007ff92a9fe000 	C:\Windows\system32\apphelp.dll
0x00007ff90c4e0000 - 0x00007ff90c533000 	C:\Windows\AppPatch\AppPatch64\AcGenral.DLL
0x00007ff92ebd0000 - 0x00007ff92ec7a000 	C:\Windows\system32\msvcrt.dll
0x00007ff92c100000 - 0x00007ff92c12e000 	C:\Windows\system32\SspiCli.dll
0x00007ff92e7d0000 - 0x00007ff92e824000 	C:\Windows\system32\SHLWAPI.dll
0x00007ff92e430000 - 0x00007ff92e5a7000 	C:\Windows\system32\USER32.dll
0x00007ff92c840000 - 0x00007ff92c9d4000 	C:\Windows\system32\ole32.dll
0x00007ff92cf00000 - 0x00007ff92e428000 	C:\Windows\system32\SHELL32.dll
0x00007ff92b3d0000 - 0x00007ff92b3f1000 	C:\Windows\SYSTEM32\USERENV.dll
0x00007ff92c3e0000 - 0x00007ff92c48a000 	C:\Windows\system32\ADVAPI32.dll
0x00007ff919d10000 - 0x00007ff919d2e000 	C:\Windows\SYSTEM32\MPR.dll
0x00007ff92c9e0000 - 0x00007ff92cb20000 	C:\Windows\system32\RPCRT4.dll
0x00007ff92eb70000 - 0x00007ff92ebc9000 	C:\Windows\SYSTEM32\sechost.dll
0x00007ff92e890000 - 0x00007ff92eaa1000 	C:\Windows\SYSTEM32\combase.dll
0x00007ff92e680000 - 0x00007ff92e7cf000 	C:\Windows\system32\GDI32.dll
0x00007ff92bda0000 - 0x00007ff92bdb5000 	C:\Windows\SYSTEM32\profapi.dll
0x00007ff929f20000 - 0x00007ff929fd2000 	C:\Windows\SYSTEM32\SHCORE.dll
0x00007ff92eb20000 - 0x00007ff92eb56000 	C:\Windows\system32\IMM32.DLL
0x00007ff92cbe0000 - 0x00007ff92cd32000 	C:\Windows\system32\MSCTF.dll
0x00007ff9286e0000 - 0x00007ff92895b000 	C:\Windows\WinSxS\amd64_microsoft.windows.common-controls_6595b64144ccf1df_6.0.9600.18006_none_623f33d3ecbe86e8\COMCTL32.dll
0x000000005b230000 - 0x000000005b302000 	C:\Program Files\Java\jdk1.8.0_25\jre\bin\msvcr100.dll
0x000000005b6b0000 - 0x000000005bf0a000 	C:\Program Files\Java\jdk1.8.0_25\jre\bin\server\jvm.dll
0x00007ff9213b0000 - 0x00007ff9213b9000 	C:\Windows\SYSTEM32\WSOCK32.dll
0x00007ff928970000 - 0x00007ff928992000 	C:\Windows\SYSTEM32\WINMM.dll
0x00007ff92c3d0000 - 0x00007ff92c3d7000 	C:\Windows\system32\PSAPI.DLL
0x00007ff92c6a0000 - 0x00007ff92c6fa000 	C:\Windows\system32\WS2_32.dll
0x00007ff9286b0000 - 0x00007ff9286da000 	C:\Windows\SYSTEM32\WINMMBASE.dll
0x00007ff92e5b0000 - 0x00007ff92e5b9000 	C:\Windows\system32\NSI.dll
0x00007ff92c0b0000 - 0x00007ff92c0ff000 	C:\Windows\SYSTEM32\cfgmgr32.dll
0x00007ff92abc0000 - 0x00007ff92abe8000 	C:\Windows\SYSTEM32\DEVOBJ.dll
0x000000005b6a0000 - 0x000000005b6af000 	C:\Program Files\Java\jdk1.8.0_25\jre\bin\verify.dll
0x000000005b670000 - 0x000000005b698000 	C:\Program Files\Java\jdk1.8.0_25\jre\bin\java.dll
0x000000005b650000 - 0x000000005b666000 	C:\Program Files\Java\jdk1.8.0_25\jre\bin\zip.dll
0x00007ff9114c0000 - 0x00007ff911649000 	C:\Windows\SYSTEM32\dbghelp.dll

VM Arguments:
jvm_args: -Djava.awt.headless=true -Xmx1024M -Dfile.encoding=windows-1252 -Duser.country=AU -Duser.language=en -Duser.variant 
java_command: com.android.dx.command.Main --dex --force-jumbo --num-threads=4 --output C:\Users\Adam\Desktop\Android\Android\TripLog\app\build\intermediates\pre-dexed\debug\com.google.android.gms-play-services-nearby-9.0.2_400ae5892ede535aa6cc19570642c8da23137a92.jar C:\Users\Adam\Desktop\Android\Android\TripLog\app\build\intermediates\exploded-aar\com.google.android.gms\play-services-nearby\9.0.2\jars\classes.jar
java_class_path (initial): J:\Android_SDK\build-tools\23.0.3\lib\dx.jar
Launcher Type: SUN_STANDARD

Environment Variables:
JAVA_HOME=C:\Program Files\Java\jdk1.8.0_25
USERNAME=Adam
OS=Windows_NT
PROCESSOR_IDENTIFIER=Intel64 Family 6 Model 60 Stepping 3, GenuineIntel



---------------  S Y S T E M  ---------------

OS: Windows 8.1 , 64 bit Build 9600 

CPU:total 4 (4 cores per cpu, 1 threads per core) family 6 model 60 stepping 3, cmov, cx8, fxsr, mmx, sse, sse2, sse3, ssse3, sse4.1, sse4.2, popcnt, avx, avx2, aes, clmul, erms, lzcnt, tsc, tscinvbit, bmi1, bmi2

Memory: 4k page, physical 10161260k(265948k free), swap 13306988k(16416k free)

vm_info: Java HotSpot(TM) 64-Bit Server VM (25.25-b02) for windows-amd64 JRE (1.8.0_25-b18), built on Oct  7 2014 14:25:37 by "java_re" with MS VC++ 10.0 (VS2010)

time: Tue Nov 01 03:33:43 2016
elapsed time: 12 seconds (0d 0h 0m 12s)

