#
# There is insufficient memory for the Java Runtime Environment to continue.
# Native memory allocation (malloc) failed to allocate 32784 bytes for Chunk::new
# Possible reasons:
#   The system is out of physical RAM or swap space
#   In 32 bit mode, the process size limit was hit
# Possible solutions:
#   Reduce memory load on the system
#   Increase physical memory or swap space
#   Check if swap backing store is full
#   Use 64 bit Java on a 64 bit OS
#   Decrease Java heap size (-Xmx/-Xms)
#   Decrease number of Java threads
#   Decrease Java thread stack sizes (-Xss)
#   Set larger code cache with -XX:ReservedCodeCacheSize=
# This output file may be truncated or incomplete.
#
#  Out of Memory Error (allocation.cpp:390), pid=9280, tid=9772
#
# JRE version: Java(TM) SE Runtime Environment (8.0_25-b18) (build 1.8.0_25-b18)
# Java VM: Java HotSpot(TM) 64-Bit Server VM (25.25-b02 mixed mode windows-amd64 compressed oops)
# Failed to write core dump. Minidumps are not enabled by default on client versions of Windows
#

---------------  T H R E A D  ---------------

Current thread (0x0000000015441800):  JavaThread "C2 CompilerThread1" daemon [_thread_in_native, id=9772, stack(0x0000000016a80000,0x0000000016b80000)]

Stack: [0x0000000016a80000,0x0000000016b80000]
Native frames: (J=compiled Java code, j=interpreted, Vv=VM code, C=native code)
V  [jvm.dll+0x31667a]


Current CompileTask:
C2:   1946 1294       4       com.android.dx.ssa.SCCP::simulateBranch (666 bytes)


---------------  P R O C E S S  ---------------

Java Threads: ( => current thread )
  0x000000001703e000 JavaThread "pool-1-thread-4" [_thread_in_vm, id=7088, stack(0x0000000017680000,0x0000000017780000)]
  0x000000001703d000 JavaThread "pool-1-thread-3" [_thread_blocked, id=3640, stack(0x0000000017580000,0x0000000017680000)]
  0x000000001703c000 JavaThread "pool-1-thread-2" [_thread_blocked, id=8100, stack(0x0000000017480000,0x0000000017580000)]
  0x0000000017036800 JavaThread "pool-2-thread-1" [_thread_blocked, id=204, stack(0x0000000017380000,0x0000000017480000)]
  0x0000000017032000 JavaThread "pool-1-thread-1" [_thread_blocked, id=9360, stack(0x0000000017280000,0x0000000017380000)]
  0x000000001544d800 JavaThread "Service Thread" daemon [_thread_blocked, id=3820, stack(0x0000000016c80000,0x0000000016d80000)]
  0x0000000015445800 JavaThread "C1 CompilerThread2" daemon [_thread_blocked, id=10104, stack(0x0000000016b80000,0x0000000016c80000)]
=>0x0000000015441800 JavaThread "C2 CompilerThread1" daemon [_thread_in_native, id=9772, stack(0x0000000016a80000,0x0000000016b80000)]
  0x00000000153ee000 JavaThread "C2 CompilerThread0" daemon [_thread_in_native, id=8924, stack(0x0000000016980000,0x0000000016a80000)]
  0x00000000153ec800 JavaThread "Attach Listener" daemon [_thread_blocked, id=2028, stack(0x0000000016880000,0x0000000016980000)]
  0x00000000153eb800 JavaThread "Signal Dispatcher" daemon [_thread_blocked, id=8724, stack(0x0000000016780000,0x0000000016880000)]
  0x0000000002c25000 JavaThread "Finalizer" daemon [_thread_blocked, id=3868, stack(0x0000000016680000,0x0000000016780000)]
  0x0000000002c1e800 JavaThread "Reference Handler" daemon [_thread_blocked, id=8476, stack(0x0000000016580000,0x0000000016680000)]
  0x0000000002cee800 JavaThread "main" [_thread_blocked, id=2680, stack(0x00000000012d0000,0x00000000013d0000)]

Other Threads:
  0x00000000153b7000 VMThread [stack: 0x0000000016480000,0x0000000016580000] [id=9020]
  0x0000000016d81800 WatcherThread [stack: 0x0000000017180000,0x0000000017280000] [id=9396]

VM state:not at safepoint (normal execution)

VM Mutex/Monitor currently owned by a thread: None

Heap:
 PSYoungGen      total 46592K, used 33053K [0x00000000eab00000, 0x00000000edf00000, 0x0000000100000000)
  eden space 39936K, 82% used [0x00000000eab00000,0x00000000ecb47690,0x00000000ed200000)
  from space 6656K, 0% used [0x00000000ed880000,0x00000000ed880000,0x00000000edf00000)
  to   space 6656K, 0% used [0x00000000ed200000,0x00000000ed200000,0x00000000ed880000)
 ParOldGen       total 106496K, used 0K [0x00000000c0000000, 0x00000000c6800000, 0x00000000eab00000)
  object space 106496K, 0% used [0x00000000c0000000,0x00000000c0000000,0x00000000c6800000)
 Metaspace       used 5955K, capacity 6960K, committed 7040K, reserved 1056768K
  class space    used 586K, capacity 616K, committed 640K, reserved 1048576K

Card table byte_map: [0x00000000120e0000,0x00000000122f0000] byte_map_base: 0x0000000011ae0000

Marking Bits: (ParMarkBitMap*) 0x000000005be8d490
 Begin Bits: [0x0000000012850000, 0x0000000013850000)
 End Bits:   [0x0000000013850000, 0x0000000014850000)

Polling page: 0x00000000013d0000

CodeCache: size=245760Kb used=5106Kb max_used=5123Kb free=240653Kb
 bounds [0x0000000002d20000, 0x0000000003230000, 0x0000000011d20000]
 total_blobs=1555 nmethods=1292 adapters=177
 compilation: enabled

Compilation events (10 events):
Event: 1.767 Thread 0x0000000015441800 nmethod 1288 0x00000000032149d0 code [0x0000000003214b40, 0x0000000003214f18]
Event: 1.768 Thread 0x0000000015441800 1290       4       com.android.dx.ssa.back.LivenessAnalyzer::run (231 bytes)
Event: 1.837 Thread 0x0000000015441800 nmethod 1290 0x0000000003223650 code [0x0000000003223980, 0x0000000003225780]
Event: 1.870 Thread 0x0000000015441800 1291       4       java.util.ArrayList::subListRangeCheck (110 bytes)
Event: 1.870 Thread 0x0000000015441800 nmethod 1291 0x0000000003105a50 code [0x0000000003105b80, 0x0000000003105bf8]
Event: 1.870 Thread 0x0000000015441800 1292       4       java.util.ArrayList$SubList::<init> (46 bytes)
Event: 1.871 Thread 0x0000000015441800 nmethod 1292 0x0000000003217c90 code [0x0000000003217dc0, 0x0000000003217e58]
Event: 1.872 Thread 0x0000000015445800 1293       1       java.util.HashMap::afterNodeAccess (1 bytes)
Event: 1.872 Thread 0x0000000015445800 nmethod 1293 0x000000000320a4d0 code [0x000000000320a620, 0x000000000320a730]
Event: 1.872 Thread 0x0000000015441800 1294       4       com.android.dx.ssa.SCCP::simulateBranch (666 bytes)

GC Heap History (0 events):
No events

Deoptimization events (7 events):
Event: 0.974 Thread 0x000000001703d000 Uncommon trap: reason=class_check action=maybe_recompile pc=0x000000000302b9ac method=com.android.dx.ssa.NormalSsaInsn.accept(Lcom/android/dx/ssa/SsaInsn$Visitor;)V @ 9
Event: 0.974 Thread 0x000000001703d000 Uncommon trap: reason=class_check action=maybe_recompile pc=0x0000000002f898f0 method=com.android.dx.ssa.NormalSsaInsn.accept(Lcom/android/dx/ssa/SsaInsn$Visitor;)V @ 9
Event: 0.974 Thread 0x000000001703d000 Uncommon trap: reason=class_check action=maybe_recompile pc=0x0000000002f898f0 method=com.android.dx.ssa.NormalSsaInsn.accept(Lcom/android/dx/ssa/SsaInsn$Visitor;)V @ 9
Event: 0.974 Thread 0x000000001703d000 Uncommon trap: reason=class_check action=maybe_recompile pc=0x0000000002f898f0 method=com.android.dx.ssa.NormalSsaInsn.accept(Lcom/android/dx/ssa/SsaInsn$Visitor;)V @ 9
Event: 1.222 Thread 0x000000001703d000 Uncommon trap: reason=unreached action=reinterpret pc=0x00000000030be0a8 method=com.android.dx.ssa.SsaMethod.onSourcesChanged(Lcom/android/dx/ssa/SsaInsn;Lcom/android/dx/rop/code/RegisterSpecList;)V @ 4
Event: 1.370 Thread 0x000000001703d000 Uncommon trap: reason=class_check action=maybe_recompile pc=0x000000000302b9ac method=com.android.dx.ssa.NormalSsaInsn.accept(Lcom/android/dx/ssa/SsaInsn$Visitor;)V @ 9
Event: 1.403 Thread 0x000000001703d000 Uncommon trap: reason=null_check action=make_not_entrant pc=0x000000000318d0a4 method=com.android.dx.rop.type.Type.equals(Ljava/lang/Object;)Z @ 8

Internal exceptions (10 events):
Event: 0.587 Thread 0x000000001703e000 Exception <a 'java/security/PrivilegedActionException'> (0x00000000eb7e3f50) thrown at [D:\re\workspace\8-2-build-windows-amd64-cygwin\jdk8u25\1677\hotspot\src\share\vm\prims\jvm.cpp, line 1312]
Event: 0.588 Thread 0x000000001703e000 Exception <a 'java/security/PrivilegedActionException'> (0x00000000eb7e94d0) thrown at [D:\re\workspace\8-2-build-windows-amd64-cygwin\jdk8u25\1677\hotspot\src\share\vm\prims\jvm.cpp, line 1312]
Event: 0.615 Thread 0x000000001703e000 Exception <a 'java/security/PrivilegedActionException'> (0x00000000eb86b730) thrown at [D:\re\workspace\8-2-build-windows-amd64-cygwin\jdk8u25\1677\hotspot\src\share\vm\prims\jvm.cpp, line 1312]
Event: 0.692 Thread 0x0000000002cee800 Exception <a 'java/security/PrivilegedActionException'> (0x00000000eba3d990) thrown at [D:\re\workspace\8-2-build-windows-amd64-cygwin\jdk8u25\1677\hotspot\src\share\vm\prims\jvm.cpp, line 1312]
Event: 0.728 Thread 0x0000000002cee800 Exception <a 'java/security/PrivilegedActionException'> (0x00000000eba949d0) thrown at [D:\re\workspace\8-2-build-windows-amd64-cygwin\jdk8u25\1677\hotspot\src\share\vm\prims\jvm.cpp, line 1312]
Event: 0.909 Thread 0x0000000017032000 Exception <a 'java/security/PrivilegedActionException'> (0x00000000eb5949c0) thrown at [D:\re\workspace\8-2-build-windows-amd64-cygwin\jdk8u25\1677\hotspot\src\share\vm\prims\jvm.cpp, line 1312]
Event: 1.137 Thread 0x000000001703c000 Exception <a 'java/security/PrivilegedActionException'> (0x00000000ebe72668) thrown at [D:\re\workspace\8-2-build-windows-amd64-cygwin\jdk8u25\1677\hotspot\src\share\vm\prims\jvm.cpp, line 1312]
Event: 1.143 Thread 0x000000001703c000 Exception <a 'java/security/PrivilegedActionException'> (0x00000000ebeb6cc8) thrown at [D:\re\workspace\8-2-build-windows-amd64-cygwin\jdk8u25\1677\hotspot\src\share\vm\prims\jvm.cpp, line 1312]
Event: 1.365 Thread 0x0000000002cee800 Exception <a 'java/security/PrivilegedActionException'> (0x00000000ebd87ab0) thrown at [D:\re\workspace\8-2-build-windows-amd64-cygwin\jdk8u25\1677\hotspot\src\share\vm\prims\jvm.cpp, line 1312]
Event: 1.403 Thread 0x000000001703d000 Implicit null exception at 0x000000000318cfa2 to 0x000000000318d095

Events (10 events):
Event: 1.370 Thread 0x000000001703d000 Uncommon trap: trap_request=0xffffffde fr.pc=0x000000000302b9ac
Event: 1.370 Thread 0x000000001703d000 DEOPT PACKING pc=0x000000000302b9ac sp=0x000000001767ea70
Event: 1.370 Thread 0x000000001703d000 DEOPT UNPACKING pc=0x0000000002d6556a sp=0x000000001767e9d0 mode 2
Event: 1.403 Thread 0x000000001703d000 Uncommon trap: trap_request=0xfffffff4 fr.pc=0x000000000318d0a4
Event: 1.403 Thread 0x000000001703d000 DEOPT PACKING pc=0x000000000318d0a4 sp=0x000000001767e6e0
Event: 1.403 Thread 0x000000001703d000 DEOPT UNPACKING pc=0x0000000002d6556a sp=0x000000001767e668 mode 2
Event: 1.413 Thread 0x0000000002cee800 DEOPT PACKING pc=0x0000000002f93a6f sp=0x00000000013ce1f0
Event: 1.413 Thread 0x0000000002cee800 DEOPT UNPACKING pc=0x0000000002d675bf sp=0x00000000013cdfd0 mode 0
Event: 1.423 Executing VM operation: ForceSafepoint
Event: 1.676 Executing VM operation: ForceSafepoint done


Dynamic libraries:
0x00007ff673940000 - 0x00007ff673974000 	C:\Program Files\Java\jdk1.8.0_25\bin\java.exe
0x00007ff92ff70000 - 0x00007ff93011d000 	C:\Windows\SYSTEM32\ntdll.dll
0x00007ff92c700000 - 0x00007ff92c83e000 	C:\Windows\system32\KERNEL32.DLL
0x00007ff91c360000 - 0x00007ff91c392000 	C:\Program Files (x86)\AVG\AVG2015\avghooka.dll
0x00007ff92c1e0000 - 0x00007ff92c2f5000 	C:\Windows\system32\KERNELBASE.dll
0x00007ff92a970000 - 0x00007ff92a9fe000 	C:\Windows\system32\apphelp.dll
0x00007ff90c4e0000 - 0x00007ff90c533000 	C:\Windows\AppPatch\AppPatch64\AcGenral.DLL
0x00007ff92ebd0000 - 0x00007ff92ec7a000 	C:\Windows\system32\msvcrt.dll
0x00007ff92c100000 - 0x00007ff92c12e000 	C:\Windows\system32\SspiCli.dll
0x00007ff92e7d0000 - 0x00007ff92e824000 	C:\Windows\system32\SHLWAPI.dll
0x00007ff92e430000 - 0x00007ff92e5a7000 	C:\Windows\system32\USER32.dll
0x00007ff92c840000 - 0x00007ff92c9d4000 	C:\Windows\system32\ole32.dll
0x00007ff92cf00000 - 0x00007ff92e428000 	C:\Windows\system32\SHELL32.dll
0x00007ff92b3d0000 - 0x00007ff92b3f1000 	C:\Windows\SYSTEM32\USERENV.dll
0x00007ff92c3e0000 - 0x00007ff92c48a000 	C:\Windows\system32\ADVAPI32.dll
0x00007ff919d10000 - 0x00007ff919d2e000 	C:\Windows\SYSTEM32\MPR.dll
0x00007ff92c9e0000 - 0x00007ff92cb20000 	C:\Windows\system32\RPCRT4.dll
0x00007ff92eb70000 - 0x00007ff92ebc9000 	C:\Windows\SYSTEM32\sechost.dll
0x00007ff92e890000 - 0x00007ff92eaa1000 	C:\Windows\SYSTEM32\combase.dll
0x00007ff92e680000 - 0x00007ff92e7cf000 	C:\Windows\system32\GDI32.dll
0x00007ff92bda0000 - 0x00007ff92bdb5000 	C:\Windows\SYSTEM32\profapi.dll
0x00007ff929f20000 - 0x00007ff929fd2000 	C:\Windows\SYSTEM32\SHCORE.dll
0x00007ff92eb20000 - 0x00007ff92eb56000 	C:\Windows\system32\IMM32.DLL
0x00007ff92cbe0000 - 0x00007ff92cd32000 	C:\Windows\system32\MSCTF.dll
0x00007ff9286e0000 - 0x00007ff92895b000 	C:\Windows\WinSxS\amd64_microsoft.windows.common-controls_6595b64144ccf1df_6.0.9600.18006_none_623f33d3ecbe86e8\COMCTL32.dll
0x000000005b230000 - 0x000000005b302000 	C:\Program Files\Java\jdk1.8.0_25\jre\bin\msvcr100.dll
0x000000005b6b0000 - 0x000000005bf0a000 	C:\Program Files\Java\jdk1.8.0_25\jre\bin\server\jvm.dll
0x00007ff9213b0000 - 0x00007ff9213b9000 	C:\Windows\SYSTEM32\WSOCK32.dll
0x00007ff928970000 - 0x00007ff928992000 	C:\Windows\SYSTEM32\WINMM.dll
0x00007ff92c3d0000 - 0x00007ff92c3d7000 	C:\Windows\system32\PSAPI.DLL
0x00007ff92c6a0000 - 0x00007ff92c6fa000 	C:\Windows\system32\WS2_32.dll
0x00007ff9286b0000 - 0x00007ff9286da000 	C:\Windows\SYSTEM32\WINMMBASE.dll
0x00007ff92e5b0000 - 0x00007ff92e5b9000 	C:\Windows\system32\NSI.dll
0x00007ff92c0b0000 - 0x00007ff92c0ff000 	C:\Windows\SYSTEM32\cfgmgr32.dll
0x00007ff92abc0000 - 0x00007ff92abe8000 	C:\Windows\SYSTEM32\DEVOBJ.dll
0x000000005b6a0000 - 0x000000005b6af000 	C:\Program Files\Java\jdk1.8.0_25\jre\bin\verify.dll
0x000000005b670000 - 0x000000005b698000 	C:\Program Files\Java\jdk1.8.0_25\jre\bin\java.dll
0x000000005b650000 - 0x000000005b666000 	C:\Program Files\Java\jdk1.8.0_25\jre\bin\zip.dll

VM Arguments:
jvm_args: -Djava.awt.headless=true -Xmx1024M -Dfile.encoding=windows-1252 -Duser.country=AU -Duser.language=en -Duser.variant 
java_command: com.android.dx.command.Main --dex --force-jumbo --num-threads=4 --output C:\Users\Adam\Desktop\Android\Android\TripLog\app\build\intermediates\pre-dexed\debug\com.google.firebase-firebase-auth-9.0.2_730ef1b9f775bcaa05e65bc856ff7bb4318672d3.jar C:\Users\Adam\Desktop\Android\Android\TripLog\app\build\intermediates\exploded-aar\com.google.firebase\firebase-auth\9.0.2\jars\classes.jar
java_class_path (initial): J:\Android_SDK\build-tools\23.0.3\lib\dx.jar
Launcher Type: SUN_STANDARD

Environment Variables:
JAVA_HOME=C:\Program Files\Java\jdk1.8.0_25
USERNAME=Adam
OS=Windows_NT
PROCESSOR_IDENTIFIER=Intel64 Family 6 Model 60 Stepping 3, GenuineIntel



---------------  S Y S T E M  ---------------

OS: Windows 8.1 , 64 bit Build 9600 

CPU:total 4 (4 cores per cpu, 1 threads per core) family 6 model 60 stepping 3, cmov, cx8, fxsr, mmx, sse, sse2, sse3, ssse3, sse4.1, sse4.2, popcnt, avx, avx2, aes, clmul, erms, lzcnt, tsc, tscinvbit, bmi1, bmi2

Memory: 4k page, physical 10161260k(245044k free), swap 13306988k(5104k free)

vm_info: Java HotSpot(TM) 64-Bit Server VM (25.25-b02) for windows-amd64 JRE (1.8.0_25-b18), built on Oct  7 2014 14:25:37 by "java_re" with MS VC++ 10.0 (VS2010)

time: Tue Nov 01 03:34:56 2016
elapsed time: 1 seconds (0d 0h 0m 1s)

