#
# There is insufficient memory for the Java Runtime Environment to continue.
# Native memory allocation (malloc) failed to allocate 257776 bytes for Chunk::new
# Possible reasons:
#   The system is out of physical RAM or swap space
#   In 32 bit mode, the process size limit was hit
# Possible solutions:
#   Reduce memory load on the system
#   Increase physical memory or swap space
#   Check if swap backing store is full
#   Use 64 bit Java on a 64 bit OS
#   Decrease Java heap size (-Xmx/-Xms)
#   Decrease number of Java threads
#   Decrease Java thread stack sizes (-Xss)
#   Set larger code cache with -XX:ReservedCodeCacheSize=
# This output file may be truncated or incomplete.
#
#  Out of Memory Error (allocation.cpp:390), pid=6796, tid=1560
#
# JRE version: Java(TM) SE Runtime Environment (8.0_25-b18) (build 1.8.0_25-b18)
# Java VM: Java HotSpot(TM) 64-Bit Server VM (25.25-b02 mixed mode windows-amd64 compressed oops)
# Failed to write core dump. Minidumps are not enabled by default on client versions of Windows
#

---------------  T H R E A D  ---------------

Current thread (0x0000000015390800):  JavaThread "C2 CompilerThread1" daemon [_thread_in_native, id=1560, stack(0x0000000016a00000,0x0000000016b00000)]

Stack: [0x0000000016a00000,0x0000000016b00000]
Native frames: (J=compiled Java code, j=interpreted, Vv=VM code, C=native code)
V  [jvm.dll+0x31667a]
V  [jvm.dll+0x267073]
V  [jvm.dll+0x267cb3]
V  [jvm.dll+0x25f5b5]
V  [jvm.dll+0xbf165]
V  [jvm.dll+0xbf60c]
V  [jvm.dll+0x494f51]
V  [jvm.dll+0x446404]
V  [jvm.dll+0x45130e]
V  [jvm.dll+0x4538f8]
V  [jvm.dll+0x437372]
V  [jvm.dll+0x98a02]
V  [jvm.dll+0x991f3]
V  [jvm.dll+0x22bde4]
V  [jvm.dll+0x2852fa]
C  [msvcr100.dll+0x21d9f]
C  [msvcr100.dll+0x21e3b]
C  [KERNEL32.DLL+0x13d2]
C  [ntdll.dll+0x154e4]


Current CompileTask:
C2:   3497 1242   !   4       com.android.dx.cf.code.BytecodeArray::parseInstruction (2764 bytes)


---------------  P R O C E S S  ---------------

Java Threads: ( => current thread )
  0x0000000016e87000 JavaThread "pool-1-thread-4" [_thread_blocked, id=6356, stack(0x0000000017600000,0x0000000017700000)]
  0x0000000016eb1000 JavaThread "pool-1-thread-3" [_thread_blocked, id=9512, stack(0x0000000017500000,0x0000000017600000)]
  0x0000000016e6b800 JavaThread "pool-1-thread-2" [_thread_in_vm, id=9344, stack(0x0000000017400000,0x0000000017500000)]
  0x0000000016e47000 JavaThread "pool-2-thread-1" [_thread_blocked, id=6668, stack(0x0000000017300000,0x0000000017400000)]
  0x0000000016e3f000 JavaThread "pool-1-thread-1" [_thread_blocked, id=10216, stack(0x0000000017200000,0x0000000017300000)]
  0x0000000016c15000 JavaThread "Service Thread" daemon [_thread_blocked, id=7588, stack(0x0000000017000000,0x0000000017100000)]
  0x0000000015397800 JavaThread "C1 CompilerThread2" daemon [_thread_blocked, id=7728, stack(0x0000000016b00000,0x0000000016c00000)]
=>0x0000000015390800 JavaThread "C2 CompilerThread1" daemon [_thread_in_native, id=1560, stack(0x0000000016a00000,0x0000000016b00000)]
  0x000000001538d800 JavaThread "C2 CompilerThread0" daemon [_thread_blocked, id=9736, stack(0x0000000016900000,0x0000000016a00000)]
  0x000000001538c000 JavaThread "Attach Listener" daemon [_thread_blocked, id=9916, stack(0x0000000016800000,0x0000000016900000)]
  0x000000001538a800 JavaThread "Signal Dispatcher" daemon [_thread_blocked, id=9420, stack(0x0000000016700000,0x0000000016800000)]
  0x0000000002cb7000 JavaThread "Finalizer" daemon [_thread_blocked, id=8900, stack(0x0000000016600000,0x0000000016700000)]
  0x0000000002cae000 JavaThread "Reference Handler" daemon [_thread_blocked, id=8716, stack(0x0000000016500000,0x0000000016600000)]
  0x0000000002bbe800 JavaThread "main" [_thread_blocked, id=9436, stack(0x0000000002a90000,0x0000000002b90000)]

Other Threads:
  0x0000000015356000 VMThread [stack: 0x0000000016400000,0x0000000016500000] [id=7544]
  0x0000000016c27800 WatcherThread [stack: 0x0000000017100000,0x0000000017200000] [id=7748]

VM state:not at safepoint (normal execution)

VM Mutex/Monitor currently owned by a thread: None

Heap:
 PSYoungGen      total 46592K, used 35192K [0x00000000eab00000, 0x00000000edf00000, 0x0000000100000000)
  eden space 39936K, 88% used [0x00000000eab00000,0x00000000ecd5e190,0x00000000ed200000)
  from space 6656K, 0% used [0x00000000ed880000,0x00000000ed880000,0x00000000edf00000)
  to   space 6656K, 0% used [0x00000000ed200000,0x00000000ed200000,0x00000000ed880000)
 ParOldGen       total 106496K, used 0K [0x00000000c0000000, 0x00000000c6800000, 0x00000000eab00000)
  object space 106496K, 0% used [0x00000000c0000000,0x00000000c0000000,0x00000000c6800000)
 Metaspace       used 5994K, capacity 6960K, committed 7040K, reserved 1056768K
  class space    used 589K, capacity 616K, committed 640K, reserved 1048576K

Card table byte_map: [0x0000000012080000,0x0000000012290000] byte_map_base: 0x0000000011a80000

Marking Bits: (ParMarkBitMap*) 0x000000005be8d490
 Begin Bits: [0x00000000127f0000, 0x00000000137f0000)
 End Bits:   [0x00000000137f0000, 0x00000000147f0000)

Polling page: 0x0000000001180000

CodeCache: size=245760Kb used=5222Kb max_used=5250Kb free=240537Kb
 bounds [0x0000000002cc0000, 0x00000000031f0000, 0x0000000011cc0000]
 total_blobs=1577 nmethods=1314 adapters=177
 compilation: enabled

Compilation events (10 events):
Event: 2.909 Thread 0x0000000015397800 1273       3       com.android.dx.cf.attrib.BaseAttribute::<init> (24 bytes)
Event: 2.909 Thread 0x0000000015397800 nmethod 1273 0x00000000031a2710 code [0x00000000031a2880, 0x00000000031a2b28]
Event: 2.909 Thread 0x0000000015397800 1268       3       com.android.dx.rop.type.Type::<init> (84 bytes)
Event: 2.909 Thread 0x0000000015397800 nmethod 1268 0x00000000031a2c10 code [0x00000000031a2dc0, 0x00000000031a3288]
Event: 2.909 Thread 0x0000000015397800 1269   !   3       com.android.dx.rop.type.Type::putIntern (50 bytes)
Event: 2.910 Thread 0x0000000015397800 nmethod 1269 0x00000000031a3410 code [0x00000000031a3600, 0x00000000031a40d8]
Event: 2.910 Thread 0x0000000015397800 1266       3       com.android.dx.rop.code.AccessFlags::isNative (14 bytes)
Event: 2.910 Thread 0x0000000015397800 nmethod 1266 0x00000000031a4610 code [0x00000000031a4760, 0x00000000031a48f0]
Event: 2.910 Thread 0x0000000015397800 1267       3       com.android.dx.rop.code.AccessFlags::isAbstract (14 bytes)
Event: 2.910 Thread 0x0000000015397800 nmethod 1267 0x00000000031a4990 code [0x00000000031a4ae0, 0x00000000031a4c70]

GC Heap History (0 events):
No events

Deoptimization events (0 events):
No events

Internal exceptions (10 events):
Event: 0.279 Thread 0x0000000016eb1000 Exception <a 'java/security/PrivilegedActionException'> (0x00000000eb45a290) thrown at [D:\re\workspace\8-2-build-windows-amd64-cygwin\jdk8u25\1677\hotspot\src\share\vm\prims\jvm.cpp, line 1312]
Event: 0.280 Thread 0x0000000016eb1000 Exception <a 'java/security/PrivilegedActionException'> (0x00000000eb852030) thrown at [D:\re\workspace\8-2-build-windows-amd64-cygwin\jdk8u25\1677\hotspot\src\share\vm\prims\jvm.cpp, line 1312]
Event: 0.323 Thread 0x0000000002bbe800 Exception <a 'java/security/PrivilegedActionException'> (0x00000000eb668e78) thrown at [D:\re\workspace\8-2-build-windows-amd64-cygwin\jdk8u25\1677\hotspot\src\share\vm\prims\jvm.cpp, line 1312]
Event: 0.324 Thread 0x0000000002bbe800 Exception <a 'java/security/PrivilegedActionException'> (0x00000000eb66b418) thrown at [D:\re\workspace\8-2-build-windows-amd64-cygwin\jdk8u25\1677\hotspot\src\share\vm\prims\jvm.cpp, line 1312]
Event: 0.415 Thread 0x0000000016eb1000 Exception <a 'java/security/PrivilegedActionException'> (0x00000000ebb8b2e0) thrown at [D:\re\workspace\8-2-build-windows-amd64-cygwin\jdk8u25\1677\hotspot\src\share\vm\prims\jvm.cpp, line 1312]
Event: 0.478 Thread 0x0000000016e87000 Exception <a 'java/security/PrivilegedActionException'> (0x00000000ebd81678) thrown at [D:\re\workspace\8-2-build-windows-amd64-cygwin\jdk8u25\1677\hotspot\src\share\vm\prims\jvm.cpp, line 1312]
Event: 1.657 Thread 0x0000000002bbe800 Exception <a 'java/security/PrivilegedActionException'> (0x00000000ebb28298) thrown at [D:\re\workspace\8-2-build-windows-amd64-cygwin\jdk8u25\1677\hotspot\src\share\vm\prims\jvm.cpp, line 1312]
Event: 1.727 Thread 0x0000000016eb1000 Exception <a 'java/security/PrivilegedActionException'> (0x00000000ec0aa968) thrown at [D:\re\workspace\8-2-build-windows-amd64-cygwin\jdk8u25\1677\hotspot\src\share\vm\prims\jvm.cpp, line 1312]
Event: 1.748 Thread 0x0000000016e87000 Exception <a 'java/security/PrivilegedActionException'> (0x00000000ec440dd0) thrown at [D:\re\workspace\8-2-build-windows-amd64-cygwin\jdk8u25\1677\hotspot\src\share\vm\prims\jvm.cpp, line 1312]
Event: 1.752 Thread 0x0000000016e6b800 Exception <a 'java/security/PrivilegedActionException'> (0x00000000ec4d7968) thrown at [D:\re\workspace\8-2-build-windows-amd64-cygwin\jdk8u25\1677\hotspot\src\share\vm\prims\jvm.cpp, line 1312]

Events (10 events):
Event: 1.727 loading class com/android/dx/cf/code/SwitchList
Event: 1.727 loading class com/android/dx/cf/code/SwitchList done
Event: 1.748 loading class com/android/dx/cf/code/Ropper$ExceptionHandlerSetup
Event: 1.748 loading class com/android/dx/cf/code/Ropper$ExceptionHandlerSetup done
Event: 1.748 loading class java/util/HashMap$Values
Event: 1.748 loading class java/util/HashMap$Values done
Event: 1.748 loading class java/util/HashMap$ValueIterator
Event: 1.748 loading class java/util/HashMap$ValueIterator done
Event: 1.752 loading class com/android/dx/rop/code/RegOps
Event: 1.752 loading class com/android/dx/rop/code/RegOps done


Dynamic libraries:
0x00007ff673940000 - 0x00007ff673974000 	C:\Program Files\Java\jdk1.8.0_25\bin\java.exe
0x00007ff92ff70000 - 0x00007ff93011d000 	C:\Windows\SYSTEM32\ntdll.dll
0x00007ff92c700000 - 0x00007ff92c83e000 	C:\Windows\system32\KERNEL32.DLL
0x00007ff91c360000 - 0x00007ff91c392000 	C:\Program Files (x86)\AVG\AVG2015\avghooka.dll
0x00007ff92c1e0000 - 0x00007ff92c2f5000 	C:\Windows\system32\KERNELBASE.dll
0x00007ff92a970000 - 0x00007ff92a9fe000 	C:\Windows\system32\apphelp.dll
0x00007ff90c4e0000 - 0x00007ff90c533000 	C:\Windows\AppPatch\AppPatch64\AcGenral.DLL
0x00007ff92ebd0000 - 0x00007ff92ec7a000 	C:\Windows\system32\msvcrt.dll
0x00007ff92c100000 - 0x00007ff92c12e000 	C:\Windows\system32\SspiCli.dll
0x00007ff92e7d0000 - 0x00007ff92e824000 	C:\Windows\system32\SHLWAPI.dll
0x00007ff92e430000 - 0x00007ff92e5a7000 	C:\Windows\system32\USER32.dll
0x00007ff92c840000 - 0x00007ff92c9d4000 	C:\Windows\system32\ole32.dll
0x00007ff92cf00000 - 0x00007ff92e428000 	C:\Windows\system32\SHELL32.dll
0x00007ff92b3d0000 - 0x00007ff92b3f1000 	C:\Windows\SYSTEM32\USERENV.dll
0x00007ff92c3e0000 - 0x00007ff92c48a000 	C:\Windows\system32\ADVAPI32.dll
0x00007ff919d10000 - 0x00007ff919d2e000 	C:\Windows\SYSTEM32\MPR.dll
0x00007ff92c9e0000 - 0x00007ff92cb20000 	C:\Windows\system32\RPCRT4.dll
0x00007ff92eb70000 - 0x00007ff92ebc9000 	C:\Windows\SYSTEM32\sechost.dll
0x00007ff92e890000 - 0x00007ff92eaa1000 	C:\Windows\SYSTEM32\combase.dll
0x00007ff92e680000 - 0x00007ff92e7cf000 	C:\Windows\system32\GDI32.dll
0x00007ff92bda0000 - 0x00007ff92bdb5000 	C:\Windows\SYSTEM32\profapi.dll
0x00007ff929f20000 - 0x00007ff929fd2000 	C:\Windows\SYSTEM32\SHCORE.dll
0x00007ff92eb20000 - 0x00007ff92eb56000 	C:\Windows\system32\IMM32.DLL
0x00007ff92cbe0000 - 0x00007ff92cd32000 	C:\Windows\system32\MSCTF.dll
0x00007ff9286e0000 - 0x00007ff92895b000 	C:\Windows\WinSxS\amd64_microsoft.windows.common-controls_6595b64144ccf1df_6.0.9600.18006_none_623f33d3ecbe86e8\COMCTL32.dll
0x000000005b230000 - 0x000000005b302000 	C:\Program Files\Java\jdk1.8.0_25\jre\bin\msvcr100.dll
0x000000005b6b0000 - 0x000000005bf0a000 	C:\Program Files\Java\jdk1.8.0_25\jre\bin\server\jvm.dll
0x00007ff9213b0000 - 0x00007ff9213b9000 	C:\Windows\SYSTEM32\WSOCK32.dll
0x00007ff928970000 - 0x00007ff928992000 	C:\Windows\SYSTEM32\WINMM.dll
0x00007ff92c3d0000 - 0x00007ff92c3d7000 	C:\Windows\system32\PSAPI.DLL
0x00007ff92c6a0000 - 0x00007ff92c6fa000 	C:\Windows\system32\WS2_32.dll
0x00007ff9286b0000 - 0x00007ff9286da000 	C:\Windows\SYSTEM32\WINMMBASE.dll
0x00007ff92e5b0000 - 0x00007ff92e5b9000 	C:\Windows\system32\NSI.dll
0x00007ff92c0b0000 - 0x00007ff92c0ff000 	C:\Windows\SYSTEM32\cfgmgr32.dll
0x00007ff92abc0000 - 0x00007ff92abe8000 	C:\Windows\SYSTEM32\DEVOBJ.dll
0x000000005b6a0000 - 0x000000005b6af000 	C:\Program Files\Java\jdk1.8.0_25\jre\bin\verify.dll
0x000000005b670000 - 0x000000005b698000 	C:\Program Files\Java\jdk1.8.0_25\jre\bin\java.dll
0x000000005b650000 - 0x000000005b666000 	C:\Program Files\Java\jdk1.8.0_25\jre\bin\zip.dll
0x00007ff9114c0000 - 0x00007ff911649000 	C:\Windows\SYSTEM32\dbghelp.dll

VM Arguments:
jvm_args: -Djava.awt.headless=true -Xmx1024M -Dfile.encoding=windows-1252 -Duser.country=AU -Duser.language=en -Duser.variant 
java_command: com.android.dx.command.Main --dex --force-jumbo --num-threads=4 --output C:\Users\Adam\Desktop\Android\Android\TripLog\app\build\intermediates\pre-dexed\debug\com.google.android.gms-play-services-auth-9.0.2_c1b60bccb4c2891eb27e7c72db5c8ff486f52a86.jar C:\Users\Adam\Desktop\Android\Android\TripLog\app\build\intermediates\exploded-aar\com.google.android.gms\play-services-auth\9.0.2\jars\classes.jar
java_class_path (initial): J:\Android_SDK\build-tools\23.0.3\lib\dx.jar
Launcher Type: SUN_STANDARD

Environment Variables:
JAVA_HOME=C:\Program Files\Java\jdk1.8.0_25
USERNAME=Adam
OS=Windows_NT
PROCESSOR_IDENTIFIER=Intel64 Family 6 Model 60 Stepping 3, GenuineIntel



---------------  S Y S T E M  ---------------

OS: Windows 8.1 , 64 bit Build 9600 

CPU:total 4 (4 cores per cpu, 1 threads per core) family 6 model 60 stepping 3, cmov, cx8, fxsr, mmx, sse, sse2, sse3, ssse3, sse4.1, sse4.2, popcnt, avx, avx2, aes, clmul, erms, lzcnt, tsc, tscinvbit, bmi1, bmi2

Memory: 4k page, physical 10161260k(278968k free), swap 13306988k(21452k free)

vm_info: Java HotSpot(TM) 64-Bit Server VM (25.25-b02) for windows-amd64 JRE (1.8.0_25-b18), built on Oct  7 2014 14:25:37 by "java_re" with MS VC++ 10.0 (VS2010)

time: Tue Nov 01 03:33:42 2016
elapsed time: 3 seconds (0d 0h 0m 3s)

